{"status":401,"data":"empty","level":"error","message":"Wrong admin name or password!","timestamp":"2020-09-02 18:43:15"}
{"status":422,"data":[{"value":"","msg":"Invalid value","param":"name","location":"body"}],"level":"error","message":"Validation failed, entered data is incorrect.","timestamp":"2020-09-02 18:44:03"}
{"status":422,"data":[{"value":"krutyak","msg":"Invalid value","param":"assurance","location":"body"}],"level":"error","message":"Validation failed, entered data is incorrect.","timestamp":"2020-09-12 00:50:45"}
{"status":422,"data":[{"value":"gender","msg":"Invalid value","param":"gender","location":"body"}],"level":"error","message":"Validation failed, entered data is incorrect.","timestamp":"2020-09-23 00:10:12"}
{"status":422,"data":[{"msg":"Invalid value","param":"gender","location":"body"}],"level":"error","message":"Validation failed, entered data is incorrect.","timestamp":"2020-09-23 00:39:29"}
{"status":500,"data":"empty","level":"error","message":"jwt expired","timestamp":"2020-09-23 02:04:56"}
{"status":422,"data":[{"msg":"Invalid value","param":"prodId","location":"body"},{"value":[],"msg":"Invalid value","param":"deletedImages","location":"body"},{"value":[],"msg":"Invalid value","param":"deletedSizes","location":"body"}],"level":"error","message":"Validation failed, entered data is incorrect.","timestamp":"2020-09-23 02:05:38"}
{"status":422,"data":[{"value":"105","msg":"Invalid value","param":"discount","location":"body"}],"level":"error","message":"Validation failed, entered data is incorrect.","timestamp":"2020-09-23 02:17:11"}
{"status":500,"data":"empty","level":"error","message":"result is not defined","timestamp":"2020-09-25 05:09:39"}
{"status":422,"data":[{"value":"uliana.sulaimanov@bk.ru","msg":"Email address already exist","param":"email","location":"body"}],"level":"error","message":"Validation failed, entered data is incorrect.","timestamp":"2020-09-25 05:18:19"}
{"status":500,"data":"empty","level":"error","message":"result is not defined","timestamp":"2020-09-25 05:20:09"}
{"status":500,"data":"empty","level":"error","message":"string violation: password cannot be an array or an object","timestamp":"2020-09-25 05:37:53"}
{"status":500,"data":"empty","level":"error","message":"string violation: password cannot be an array or an object","timestamp":"2020-09-25 05:39:01"}
{"status":404,"data":"empty","level":"error","message":"A user with this email could not found.","timestamp":"2020-09-25 05:49:07"}
{"status":401,"data":"empty","level":"error","message":"A mail of this user is not verificated.","timestamp":"2020-09-25 05:49:32"}
{"status":500,"data":"empty","level":"error","message":"jwt expired","timestamp":"2020-09-26 05:34:54"}
{"status":422,"data":[{"msg":"Invalid value","param":"gender","location":"body"}],"level":"error","message":"Validation failed, entered data is incorrect.","timestamp":"2020-09-26 05:35:27"}
{"status":500,"data":"empty","level":"error","message":"user.createCart is not a function","timestamp":"2020-09-26 05:38:36"}
{"status":422,"data":[{"msg":"Invalid value","param":"prodId","location":"body"}],"level":"error","message":"Validation failed, entered data is incorrect.","timestamp":"2020-09-26 06:47:31"}
{"status":422,"data":[{"value":"prodId","msg":"Invalid value","param":"prodId","location":"body"}],"level":"error","message":"Validation failed, entered data is incorrect.","timestamp":"2020-09-26 06:48:20"}
{"status":500,"data":"empty","level":"error","message":"Cannot read property 'id' of undefined","timestamp":"2020-09-26 07:03:02"}
{"status":500,"data":"empty","level":"error","message":"Cannot read property 'destroy' of null","timestamp":"2020-09-26 07:05:29"}
